<?xml version="1.0" encoding="UTF-8"?>
<!-- Generated by org.testng.reporters.JUnitReportReporter -->
<testsuite hostname="LAPTOP-6D8U9LA3" failures="0" tests="1" name="cucumber.TestNGTestRunner" time="8.166" errors="1" timestamp="2026-05-13T17:15:24 IST" skipped="0">
  <testcase classname="cucumber.TestNGTestRunner" name="runScenario" time="8.166">
    <error message="The step &#039;Verify &quot;Incorrect email or password.&quot; error message is displayed.&#039; is undefined.
You can implement this step using the snippet(s) below:

@Then(&quot;Verify {string} error message is displayed.&quot;)
public void verify_error_message_is_displayed(String string) {
    // Write code here that turns the phrase above into concrete actions
    throw new io.cucumber.java.PendingException();
}
" type="io.cucumber.testng.UndefinedStepException">
      <![CDATA[io.cucumber.testng.UndefinedStepException: The step 'Verify "Incorrect email or password." error message is displayed.' is undefined.
You can implement this step using the snippet(s) below:

@Then("Verify {string} error message is displayed.")
public void verify_error_message_is_displayed(String string) {
    // Write code here that turns the phrase above into concrete actions
    throw new io.cucumber.java.PendingException();
}

at ✽.Verify "Incorrect email or password." error message is displayed.(file:///C:/Users/Vijayalakshmi/eclipse-workspace/testng1/src/test/java/cucumber/ErrorValidations.feature:11)
]]>
    </error>
  </testcase> <!-- runScenario -->
</testsuite> <!-- cucumber.TestNGTestRunner -->
