<?xml version="1.0" encoding="UTF-8"?>
<!-- Generated by org.testng.reporters.JUnitXMLReporter -->
<testsuite ignored="0" hostname="LAPTOP-6D8U9LA3" failures="1" tests="1" name="Default test" time="8.95" errors="0" timestamp="2026-05-13T17:15:23 IST">
  <testcase classname="io.cucumber.testng.AbstractTestNGCucumberTests" name="runScenario" time="8.166">
    <failure type="io.cucumber.testng.UndefinedStepException" message="The step &amp;apos;Verify &amp;quot;Incorrect email or password.&amp;quot; error message is displayed.&amp;apos; is undefined.
You can implement this step using the snippet(s) below:

@Then(&amp;quot;Verify {string} error message is displayed.&amp;quot;)
public void verify_error_message_is_displayed(String string) {
    // Write code here that turns the phrase above into concrete actions
    throw new io.cucumber.java.PendingException();
}
">
      <![CDATA[io.cucumber.testng.UndefinedStepException: The step 'Verify "Incorrect email or password." error message is displayed.' is undefined.
You can implement this step using the snippet(s) below:

@Then("Verify {string} error message is displayed.")
public void verify_error_message_is_displayed(String string) {
    // Write code here that turns the phrase above into concrete actions
    throw new io.cucumber.java.PendingException();
}

at ✽.Verify "Incorrect email or password." error message is displayed.(file:///C:/Users/Vijayalakshmi/eclipse-workspace/testng1/src/test/java/cucumber/ErrorValidations.feature:11)
]]>
    </failure>
  </testcase> <!-- runScenario -->
</testsuite> <!-- Default test -->
