<?xml version="1.0" encoding="UTF-8"?>
<!-- Generated by org.testng.reporters.JUnitXMLReporter -->
<testsuite ignored="1" hostname="LAPTOP-6D8U9LA3" failures="0" tests="1" name="SubmitOrder" time="14.483" errors="0" timestamp="2026-05-09T15:03:04 IST">
  <testcase classname="Framework.testng1.End1C" name="Ecom" time="9.745"/>
  <testcase classname="Framework.testng1.End1C" name="verifyOrderHistory" time="0.0">
    <ignored/>
  </testcase> <!-- verifyOrderHistory -->
</testsuite> <!-- SubmitOrder -->
