<?xml version="1.0" encoding="UTF-8"?>
<!-- Generated by org.testng.reporters.JUnitXMLReporter -->
<testsuite ignored="2" hostname="LAPTOP-6D8U9LA3" failures="0" tests="1" name="Test" time="14.824" errors="0" timestamp="2026-05-01T11:47:24 IST">
  <testcase classname="Framework.testng1.End1C" name="Ecom" time="11.131"/>
  <testcase classname="Framework.testng1.testcomponent.TestData" name="@AfterTest tearDown" time="0.0">
    <ignored/>
  </testcase> <!-- @AfterTest tearDown -->
  <testcase classname="Framework.testng1.testcomponent.TestData" name="@BeforeTest launchApplication" time="0.0">
    <ignored/>
  </testcase> <!-- @BeforeTest launchApplication -->
</testsuite> <!-- Test -->
